Determining if the include file xlocale.h exists failed with the following output:
Change Dir: /home/jalil/CLionProjects/CoreParseLib/lib/json-c-build/CMakeFiles/CMakeTmp

Run Build Command(s):/usr/bin/gmake -f Makefile cmTC_6c715/fast && /usr/bin/gmake  -f CMakeFiles/cmTC_6c715.dir/build.make CMakeFiles/cmTC_6c715.dir/build
gmake[1]: Entering directory '/home/jalil/CLionProjects/CoreParseLib/lib/json-c-build/CMakeFiles/CMakeTmp'
Building C object CMakeFiles/cmTC_6c715.dir/CheckIncludeFile.c.o
/usr/bin/cc -D_GNU_SOURCE  -fPIE -o CMakeFiles/cmTC_6c715.dir/CheckIncludeFile.c.o -c /home/jalil/CLionProjects/CoreParseLib/lib/json-c-build/CMakeFiles/CMakeTmp/CheckIncludeFile.c
/home/jalil/CLionProjects/CoreParseLib/lib/json-c-build/CMakeFiles/CMakeTmp/CheckIncludeFile.c:1:10: fatal error: xlocale.h: No such file or directory
    1 | #include <xlocale.h>
      |          ^~~~~~~~~~~
compilation terminated.
gmake[1]: *** [CMakeFiles/cmTC_6c715.dir/build.make:78: CMakeFiles/cmTC_6c715.dir/CheckIncludeFile.c.o] Error 1
gmake[1]: Leaving directory '/home/jalil/CLionProjects/CoreParseLib/lib/json-c-build/CMakeFiles/CMakeTmp'
gmake: *** [Makefile:127: cmTC_6c715/fast] Error 2



Determining if the _isnan exist failed with the following output:
Change Dir: /home/jalil/CLionProjects/CoreParseLib/lib/json-c-build/CMakeFiles/CMakeTmp

Run Build Command(s):/usr/bin/gmake -f Makefile cmTC_e560a/fast && /usr/bin/gmake  -f CMakeFiles/cmTC_e560a.dir/build.make CMakeFiles/cmTC_e560a.dir/build
gmake[1]: Entering directory '/home/jalil/CLionProjects/CoreParseLib/lib/json-c-build/CMakeFiles/CMakeTmp'
Building C object CMakeFiles/cmTC_e560a.dir/CheckSymbolExists.c.o
/usr/bin/cc -D_GNU_SOURCE  -fPIE -o CMakeFiles/cmTC_e560a.dir/CheckSymbolExists.c.o -c /home/jalil/CLionProjects/CoreParseLib/lib/json-c-build/CMakeFiles/CMakeTmp/CheckSymbolExists.c
/home/jalil/CLionProjects/CoreParseLib/lib/json-c-build/CMakeFiles/CMakeTmp/CheckSymbolExists.c: In function ‘main’:
/home/jalil/CLionProjects/CoreParseLib/lib/json-c-build/CMakeFiles/CMakeTmp/CheckSymbolExists.c:8:19: error: ‘_isnan’ undeclared (first use in this function)
    8 |   return ((int*)(&_isnan))[argc];
      |                   ^~~~~~
/home/jalil/CLionProjects/CoreParseLib/lib/json-c-build/CMakeFiles/CMakeTmp/CheckSymbolExists.c:8:19: note: each undeclared identifier is reported only once for each function it appears in
gmake[1]: *** [CMakeFiles/cmTC_e560a.dir/build.make:78: CMakeFiles/cmTC_e560a.dir/CheckSymbolExists.c.o] Error 1
gmake[1]: Leaving directory '/home/jalil/CLionProjects/CoreParseLib/lib/json-c-build/CMakeFiles/CMakeTmp'
gmake: *** [Makefile:127: cmTC_e560a/fast] Error 2


File /home/jalil/CLionProjects/CoreParseLib/lib/json-c-build/CMakeFiles/CMakeTmp/CheckSymbolExists.c:
/* */
#include <float.h>

int main(int argc, char** argv)
{
  (void)argv;
#ifndef _isnan
  return ((int*)(&_isnan))[argc];
#else
  (void)argc;
  return 0;
#endif
}
Determining if the _finite exist failed with the following output:
Change Dir: /home/jalil/CLionProjects/CoreParseLib/lib/json-c-build/CMakeFiles/CMakeTmp

Run Build Command(s):/usr/bin/gmake -f Makefile cmTC_37486/fast && /usr/bin/gmake  -f CMakeFiles/cmTC_37486.dir/build.make CMakeFiles/cmTC_37486.dir/build
gmake[1]: Entering directory '/home/jalil/CLionProjects/CoreParseLib/lib/json-c-build/CMakeFiles/CMakeTmp'
Building C object CMakeFiles/cmTC_37486.dir/CheckSymbolExists.c.o
/usr/bin/cc -D_GNU_SOURCE  -fPIE -o CMakeFiles/cmTC_37486.dir/CheckSymbolExists.c.o -c /home/jalil/CLionProjects/CoreParseLib/lib/json-c-build/CMakeFiles/CMakeTmp/CheckSymbolExists.c
/home/jalil/CLionProjects/CoreParseLib/lib/json-c-build/CMakeFiles/CMakeTmp/CheckSymbolExists.c: In function ‘main’:
/home/jalil/CLionProjects/CoreParseLib/lib/json-c-build/CMakeFiles/CMakeTmp/CheckSymbolExists.c:8:19: error: ‘_finite’ undeclared (first use in this function)
    8 |   return ((int*)(&_finite))[argc];
      |                   ^~~~~~~
/home/jalil/CLionProjects/CoreParseLib/lib/json-c-build/CMakeFiles/CMakeTmp/CheckSymbolExists.c:8:19: note: each undeclared identifier is reported only once for each function it appears in
gmake[1]: *** [CMakeFiles/cmTC_37486.dir/build.make:78: CMakeFiles/cmTC_37486.dir/CheckSymbolExists.c.o] Error 1
gmake[1]: Leaving directory '/home/jalil/CLionProjects/CoreParseLib/lib/json-c-build/CMakeFiles/CMakeTmp'
gmake: *** [Makefile:127: cmTC_37486/fast] Error 2


File /home/jalil/CLionProjects/CoreParseLib/lib/json-c-build/CMakeFiles/CMakeTmp/CheckSymbolExists.c:
/* */
#include <float.h>

int main(int argc, char** argv)
{
  (void)argv;
#ifndef _finite
  return ((int*)(&_finite))[argc];
#else
  (void)argc;
  return 0;
#endif
}
Determining if the _doprnt exist failed with the following output:
Change Dir: /home/jalil/CLionProjects/CoreParseLib/lib/json-c-build/CMakeFiles/CMakeTmp

Run Build Command(s):/usr/bin/gmake -f Makefile cmTC_b534b/fast && /usr/bin/gmake  -f CMakeFiles/cmTC_b534b.dir/build.make CMakeFiles/cmTC_b534b.dir/build
gmake[1]: Entering directory '/home/jalil/CLionProjects/CoreParseLib/lib/json-c-build/CMakeFiles/CMakeTmp'
Building C object CMakeFiles/cmTC_b534b.dir/CheckSymbolExists.c.o
/usr/bin/cc -D_GNU_SOURCE  -fPIE -o CMakeFiles/cmTC_b534b.dir/CheckSymbolExists.c.o -c /home/jalil/CLionProjects/CoreParseLib/lib/json-c-build/CMakeFiles/CMakeTmp/CheckSymbolExists.c
/home/jalil/CLionProjects/CoreParseLib/lib/json-c-build/CMakeFiles/CMakeTmp/CheckSymbolExists.c: In function ‘main’:
/home/jalil/CLionProjects/CoreParseLib/lib/json-c-build/CMakeFiles/CMakeTmp/CheckSymbolExists.c:8:19: error: ‘_doprnt’ undeclared (first use in this function)
    8 |   return ((int*)(&_doprnt))[argc];
      |                   ^~~~~~~
/home/jalil/CLionProjects/CoreParseLib/lib/json-c-build/CMakeFiles/CMakeTmp/CheckSymbolExists.c:8:19: note: each undeclared identifier is reported only once for each function it appears in
gmake[1]: *** [CMakeFiles/cmTC_b534b.dir/build.make:78: CMakeFiles/cmTC_b534b.dir/CheckSymbolExists.c.o] Error 1
gmake[1]: Leaving directory '/home/jalil/CLionProjects/CoreParseLib/lib/json-c-build/CMakeFiles/CMakeTmp'
gmake: *** [Makefile:127: cmTC_b534b/fast] Error 2


File /home/jalil/CLionProjects/CoreParseLib/lib/json-c-build/CMakeFiles/CMakeTmp/CheckSymbolExists.c:
/* */
#include <stdio.h>

int main(int argc, char** argv)
{
  (void)argv;
#ifndef _doprnt
  return ((int*)(&_doprnt))[argc];
#else
  (void)argc;
  return 0;
#endif
}
Determining if the arc4random exist failed with the following output:
Change Dir: /home/jalil/CLionProjects/CoreParseLib/lib/json-c-build/CMakeFiles/CMakeTmp

Run Build Command(s):/usr/bin/gmake -f Makefile cmTC_45c48/fast && /usr/bin/gmake  -f CMakeFiles/cmTC_45c48.dir/build.make CMakeFiles/cmTC_45c48.dir/build
gmake[1]: Entering directory '/home/jalil/CLionProjects/CoreParseLib/lib/json-c-build/CMakeFiles/CMakeTmp'
Building C object CMakeFiles/cmTC_45c48.dir/CheckSymbolExists.c.o
/usr/bin/cc -D_GNU_SOURCE  -fPIE -o CMakeFiles/cmTC_45c48.dir/CheckSymbolExists.c.o -c /home/jalil/CLionProjects/CoreParseLib/lib/json-c-build/CMakeFiles/CMakeTmp/CheckSymbolExists.c
/home/jalil/CLionProjects/CoreParseLib/lib/json-c-build/CMakeFiles/CMakeTmp/CheckSymbolExists.c: In function ‘main’:
/home/jalil/CLionProjects/CoreParseLib/lib/json-c-build/CMakeFiles/CMakeTmp/CheckSymbolExists.c:8:19: error: ‘arc4random’ undeclared (first use in this function); did you mean ‘srandom’?
    8 |   return ((int*)(&arc4random))[argc];
      |                   ^~~~~~~~~~
      |                   srandom
/home/jalil/CLionProjects/CoreParseLib/lib/json-c-build/CMakeFiles/CMakeTmp/CheckSymbolExists.c:8:19: note: each undeclared identifier is reported only once for each function it appears in
gmake[1]: *** [CMakeFiles/cmTC_45c48.dir/build.make:78: CMakeFiles/cmTC_45c48.dir/CheckSymbolExists.c.o] Error 1
gmake[1]: Leaving directory '/home/jalil/CLionProjects/CoreParseLib/lib/json-c-build/CMakeFiles/CMakeTmp'
gmake: *** [Makefile:127: cmTC_45c48/fast] Error 2


File /home/jalil/CLionProjects/CoreParseLib/lib/json-c-build/CMakeFiles/CMakeTmp/CheckSymbolExists.c:
/* */
#include <stdlib.h>

int main(int argc, char** argv)
{
  (void)argv;
#ifndef arc4random
  return ((int*)(&arc4random))[argc];
#else
  (void)argc;
  return 0;
#endif
}
Determining if the include file bsd/stdlib.h exists failed with the following output:
Change Dir: /home/jalil/CLionProjects/CoreParseLib/lib/json-c-build/CMakeFiles/CMakeTmp

Run Build Command(s):/usr/bin/gmake -f Makefile cmTC_71343/fast && /usr/bin/gmake  -f CMakeFiles/cmTC_71343.dir/build.make CMakeFiles/cmTC_71343.dir/build
gmake[1]: Entering directory '/home/jalil/CLionProjects/CoreParseLib/lib/json-c-build/CMakeFiles/CMakeTmp'
Building C object CMakeFiles/cmTC_71343.dir/CheckIncludeFile.c.o
/usr/bin/cc -D_GNU_SOURCE  -fPIE -o CMakeFiles/cmTC_71343.dir/CheckIncludeFile.c.o -c /home/jalil/CLionProjects/CoreParseLib/lib/json-c-build/CMakeFiles/CMakeTmp/CheckIncludeFile.c
/home/jalil/CLionProjects/CoreParseLib/lib/json-c-build/CMakeFiles/CMakeTmp/CheckIncludeFile.c:1:10: fatal error: bsd/stdlib.h: No such file or directory
    1 | #include <bsd/stdlib.h>
      |          ^~~~~~~~~~~~~~
compilation terminated.
gmake[1]: *** [CMakeFiles/cmTC_71343.dir/build.make:78: CMakeFiles/cmTC_71343.dir/CheckIncludeFile.c.o] Error 1
gmake[1]: Leaving directory '/home/jalil/CLionProjects/CoreParseLib/lib/json-c-build/CMakeFiles/CMakeTmp'
gmake: *** [Makefile:127: cmTC_71343/fast] Error 2



Performing C SOURCE FILE Test HAS_GNU_WARNING_LONG failed with the following output:
Change Dir: /home/jalil/CLionProjects/CoreParseLib/lib/json-c-build/CMakeFiles/CMakeTmp

Run Build Command(s):/usr/bin/gmake -f Makefile cmTC_ba811/fast && /usr/bin/gmake  -f CMakeFiles/cmTC_ba811.dir/build.make CMakeFiles/cmTC_ba811.dir/build
gmake[1]: Entering directory '/home/jalil/CLionProjects/CoreParseLib/lib/json-c-build/CMakeFiles/CMakeTmp'
Building C object CMakeFiles/cmTC_ba811.dir/src.c.o
/usr/bin/cc -DHAS_GNU_WARNING_LONG -D_GNU_SOURCE  -fPIE -o CMakeFiles/cmTC_ba811.dir/src.c.o -c /home/jalil/CLionProjects/CoreParseLib/lib/json-c-build/CMakeFiles/CMakeTmp/src.c
/home/jalil/CLionProjects/CoreParseLib/lib/json-c-build/CMakeFiles/CMakeTmp/src.c:3:9: warning: missing terminating " character
    3 | __asm__(".section .gnu.json_object_get
      |         ^
/home/jalil/CLionProjects/CoreParseLib/lib/json-c-build/CMakeFiles/CMakeTmp/src.c:3:9: error: missing terminating " character
    3 | __asm__(".section .gnu.json_object_get
      |         ^~~~~~~~~~~~~~~~~~~~~~~~~~~~~~
/home/jalil/CLionProjects/CoreParseLib/lib/json-c-build/CMakeFiles/CMakeTmp/src.c:4:9: error: expected string literal before ‘.’ token
    4 |         .ascii "Please link against libjson-c instead of libjson"
      |         ^
/home/jalil/CLionProjects/CoreParseLib/lib/json-c-build/CMakeFiles/CMakeTmp/src.c:5:14: warning: missing terminating " character
    5 |         .text");
      |              ^
/home/jalil/CLionProjects/CoreParseLib/lib/json-c-build/CMakeFiles/CMakeTmp/src.c:5:14: error: missing terminating " character
    5 |         .text");
      |              ^~~
gmake[1]: *** [CMakeFiles/cmTC_ba811.dir/build.make:78: CMakeFiles/cmTC_ba811.dir/src.c.o] Error 1
gmake[1]: Leaving directory '/home/jalil/CLionProjects/CoreParseLib/lib/json-c-build/CMakeFiles/CMakeTmp'
gmake: *** [Makefile:127: cmTC_ba811/fast] Error 2


Source file was:

extern void json_object_get();
__asm__(".section .gnu.json_object_get
	.ascii "Please link against libjson-c instead of libjson"
	.text");
int main(int c, char *v) { return 0;}

